<?xml version="1.0" encoding="UTF-8"?>
<!-- Generated by org.testng.reporters.JUnitReportReporter -->
<testsuite hostname="Adwaitha" failures="0" tests="1" name="tests.glammmytest" time="23.245" errors="0" timestamp="2023-06-30T22:08:48 IST" skipped="0">
  <testcase classname="tests.glammmytest" name="glammyytestt" time="23.245"/>
</testsuite> <!-- tests.glammmytest -->
